mode: set
jsmvc\pghelp\datacolumn.go:19.42,23.2 3 0
jsmvc\pghelp\datacolumn.go:32.42,38.2 5 0
jsmvc\pghelp\datacolumn.go:39.54,47.2 1 0
jsmvc\pghelp\datacolumn.go:48.66,56.2 1 1
jsmvc\pghelp\datacolumn.go:57.77,59.20 2 1
jsmvc\pghelp\datacolumn.go:62.2,62.20 1 1
jsmvc\pghelp\datacolumn.go:66.2,67.20 2 1
jsmvc\pghelp\datacolumn.go:70.2,70.20 1 1
jsmvc\pghelp\datacolumn.go:73.2,73.34 1 1
jsmvc\pghelp\datacolumn.go:59.20,61.3 1 1
jsmvc\pghelp\datacolumn.go:62.20,65.3 1 0
jsmvc\pghelp\datacolumn.go:67.20,69.3 1 0
jsmvc\pghelp\datacolumn.go:70.20,72.3 1 0
jsmvc\pghelp\datatable.go:32.56,42.2 5 0
jsmvc\pghelp\datatable.go:48.40,50.2 1 0
jsmvc\pghelp\datatable.go:57.32,62.2 1 0
jsmvc\pghelp\datatable.go:76.37,78.2 1 0
jsmvc\pghelp\datatable.go:80.43,88.2 1 1
jsmvc\pghelp\datatable.go:89.49,92.24 3 1
jsmvc\pghelp\datatable.go:95.2,95.12 1 1
jsmvc\pghelp\datatable.go:92.24,94.3 1 1
jsmvc\pghelp\datatable.go:99.47,101.32 2 1
jsmvc\pghelp\datatable.go:104.2,104.15 1 1
jsmvc\pghelp\datatable.go:101.32,103.3 1 1
jsmvc\pghelp\datatable.go:106.52,108.26 2 1
jsmvc\pghelp\datatable.go:123.2,123.12 1 1
jsmvc\pghelp\datatable.go:108.26,109.25 1 1
jsmvc\pghelp\datatable.go:110.3,111.19 1 1
jsmvc\pghelp\datatable.go:114.4,115.18 2 1
jsmvc\pghelp\datatable.go:118.4,118.16 1 1
jsmvc\pghelp\datatable.go:119.3,120.15 1 1
jsmvc\pghelp\datatable.go:111.19,113.5 1 1
jsmvc\pghelp\datatable.go:115.18,117.5 1 0
jsmvc\pghelp\datatable.go:125.50,126.25 1 0
jsmvc\pghelp\datatable.go:131.2,131.14 1 0
jsmvc\pghelp\datatable.go:126.25,127.13 1 0
jsmvc\pghelp\datatable.go:127.13,129.4 1 0
jsmvc\pghelp\datatable.go:134.57,136.22 2 1
jsmvc\pghelp\datatable.go:141.2,141.36 1 1
jsmvc\pghelp\datatable.go:157.2,157.35 1 1
jsmvc\pghelp\datatable.go:136.22,138.3 1 0
jsmvc\pghelp\datatable.go:138.4,140.3 1 1
jsmvc\pghelp\datatable.go:141.36,144.40 3 1
jsmvc\pghelp\datatable.go:155.3,155.52 1 1
jsmvc\pghelp\datatable.go:144.40,146.59 2 1
jsmvc\pghelp\datatable.go:149.4,149.24 1 1
jsmvc\pghelp\datatable.go:146.59,147.13 1 0
jsmvc\pghelp\datatable.go:149.24,151.5 1 1
jsmvc\pghelp\datatable.go:151.6,153.5 1 1
jsmvc\pghelp\datatable.go:161.66,163.2 1 1
jsmvc\pghelp\datatable.go:164.68,166.36 2 0
jsmvc\pghelp\datatable.go:169.2,169.18 1 0
jsmvc\pghelp\datatable.go:166.36,168.3 1 0
jsmvc\pghelp\datatable.go:171.64,173.51 2 0
jsmvc\pghelp\datatable.go:176.2,176.12 1 0
jsmvc\pghelp\datatable.go:173.51,175.3 1 0
jsmvc\pghelp\datatable.go:178.73,180.34 2 1
jsmvc\pghelp\datatable.go:196.2,196.17 1 1
jsmvc\pghelp\datatable.go:180.34,182.26 2 1
jsmvc\pghelp\datatable.go:183.3,185.18 2 1
jsmvc\pghelp\datatable.go:188.4,188.52 1 1
jsmvc\pghelp\datatable.go:189.3,190.21 1 1
jsmvc\pghelp\datatable.go:193.4,193.19 1 1
jsmvc\pghelp\datatable.go:185.18,187.5 1 0
jsmvc\pghelp\datatable.go:190.21,192.5 1 0
jsmvc\pghelp\datatable.go:198.79,200.32 2 0
jsmvc\pghelp\datatable.go:207.2,207.13 1 0
jsmvc\pghelp\datatable.go:200.32,202.37 2 0
jsmvc\pghelp\datatable.go:202.37,204.4 1 0
jsmvc\pghelp\datatable.go:210.60,212.2 1 0
jsmvc\pghelp\datatable.go:213.65,216.32 3 1
jsmvc\pghelp\datatable.go:219.2,219.15 1 1
jsmvc\pghelp\datatable.go:216.32,218.3 1 1
jsmvc\pghelp\datatable.go:221.77,223.2 1 0
jsmvc\pghelp\datatable.go:224.62,226.16 2 1
jsmvc\pghelp\datatable.go:229.2,229.36 1 1
jsmvc\pghelp\datatable.go:226.16,228.3 1 0
jsmvc\pghelp\datatable.go:231.80,233.16 2 1
jsmvc\pghelp\datatable.go:236.2,236.47 1 1
jsmvc\pghelp\datatable.go:233.16,235.3 1 0
jsmvc\pghelp\datatable.go:238.59,240.2 1 1
jsmvc\pghelp\datatable.go:241.60,246.2 3 1
jsmvc\pghelp\datatable.go:247.45,250.2 1 1
jsmvc\pghelp\datatable.go:251.53,279.2 1 0
jsmvc\pghelp\datatable.go:280.64,282.38 2 0
jsmvc\pghelp\datatable.go:285.2,286.25 2 0
jsmvc\pghelp\datatable.go:282.38,284.3 1 0
jsmvc\pghelp\datatable.go:289.68,294.32 4 0
jsmvc\pghelp\datatable.go:297.2,297.32 1 0
jsmvc\pghelp\datatable.go:301.2,301.32 1 0
jsmvc\pghelp\datatable.go:304.2,305.25 2 0
jsmvc\pghelp\datatable.go:294.32,296.3 1 0
jsmvc\pghelp\datatable.go:297.32,300.3 1 0
jsmvc\pghelp\datatable.go:301.32,303.3 1 0
jsmvc\pghelp\datatable.go:308.65,313.2 2 0
jsmvc\pghelp\datatable.go:314.71,319.2 2 0
jsmvc\pghelp\datatable.go:320.65,325.2 2 0
jsmvc\pghelp\datatable.go:326.68,329.2 2 0
jsmvc\pghelp\datatable.go:330.67,334.2 3 0
jsmvc\pghelp\datatable.go:335.68,340.2 2 0
jsmvc\pghelp\datatable.go:341.68,345.2 3 0
jsmvc\pghelp\datatable.go:346.68,352.2 3 0
jsmvc\pghelp\datatable.go:353.64,355.2 1 0
jsmvc\pghelp\datatable.go:357.70,359.2 1 0
jsmvc\pghelp\datatable.go:360.66,363.34 3 0
jsmvc\pghelp\datatable.go:366.2,366.20 1 0
jsmvc\pghelp\datatable.go:363.34,365.3 1 0
jsmvc\pghelp\datatable.go:368.70,370.38 2 0
jsmvc\pghelp\datatable.go:373.2,373.46 1 0
jsmvc\pghelp\datatable.go:370.38,372.3 1 0
jsmvc\pghelp\datatable.go:375.68,379.2 2 0
jsmvc\pghelp\datatable.go:380.71,383.2 2 0
jsmvc\pghelp\datatable.go:384.72,386.2 1 0
jsmvc\pghelp\datatable.go:387.68,389.2 1 0
jsmvc\pghelp\datatable.go:390.68,393.2 2 0
jsmvc\pghelp\datatable.go:394.68,398.2 2 0
jsmvc\pghelp\datatable.go:399.63,403.2 2 0
jsmvc\pghelp\datatable.go:404.65,409.2 2 0
jsmvc\pghelp\float64slice.go:12.54,13.27 1 0
jsmvc\pghelp\float64slice.go:14.2,17.26 3 0
jsmvc\pghelp\float64slice.go:24.3,25.13 2 0
jsmvc\pghelp\float64slice.go:26.2,28.13 2 0
jsmvc\pghelp\float64slice.go:29.2,31.13 2 0
jsmvc\pghelp\float64slice.go:32.2,33.33 1 0
jsmvc\pghelp\float64slice.go:17.26,20.18 3 0
jsmvc\pghelp\float64slice.go:20.18,22.5 1 0
jsmvc\pghelp\float64slice.go:37.53,38.17 1 0
jsmvc\pghelp\float64slice.go:41.2,42.22 2 0
jsmvc\pghelp\float64slice.go:45.2,45.48 1 0
jsmvc\pghelp\float64slice.go:38.17,40.3 1 0
jsmvc\pghelp\float64slice.go:42.22,44.3 1 0
jsmvc\pghelp\float64slice.go:53.58,54.27 1 0
jsmvc\pghelp\float64slice.go:55.2,57.13 2 0
jsmvc\pghelp\float64slice.go:58.2,61.13 3 0
jsmvc\pghelp\float64slice.go:62.2,64.32 2 0
jsmvc\pghelp\float64slice.go:67.57,68.14 1 0
jsmvc\pghelp\float64slice.go:68.14,70.3 1 0
jsmvc\pghelp\float64slice.go:70.4,72.3 1 0
jsmvc\pghelp\float64slice.go:74.41,76.2 1 0
jsmvc\pghelp\json.go:10.46,11.27 1 1
jsmvc\pghelp\json.go:12.2,13.46 1 1
jsmvc\pghelp\json.go:16.3,16.13 1 1
jsmvc\pghelp\json.go:17.2,18.54 1 0
jsmvc\pghelp\json.go:21.3,21.13 1 0
jsmvc\pghelp\json.go:22.2,24.13 2 0
jsmvc\pghelp\json.go:25.2,27.13 2 0
jsmvc\pghelp\json.go:28.2,29.33 1 0
jsmvc\pghelp\json.go:13.46,15.4 1 0
jsmvc\pghelp\json.go:18.54,20.4 1 0
jsmvc\pghelp\json.go:32.45,33.17 1 1
jsmvc\pghelp\json.go:36.2,37.16 2 1
jsmvc\pghelp\json.go:40.2,40.17 1 1
jsmvc\pghelp\json.go:33.17,35.3 1 0
jsmvc\pghelp\json.go:37.16,39.3 1 0
jsmvc\pghelp\json.go:48.50,49.27 1 1
jsmvc\pghelp\json.go:50.2,52.13 2 1
jsmvc\pghelp\json.go:53.2,56.13 3 0
jsmvc\pghelp\json.go:57.2,59.31 2 1
jsmvc\pghelp\json.go:62.49,63.14 1 1
jsmvc\pghelp\json.go:63.14,65.3 1 0
jsmvc\pghelp\json.go:65.4,67.3 1 1
jsmvc\pghelp\json.go:69.33,71.2 1 1
jsmvc\pghelp\jsonslice.go:10.51,11.27 1 1
jsmvc\pghelp\jsonslice.go:12.2,15.26 3 1
jsmvc\pghelp\jsonslice.go:21.3,22.13 2 1
jsmvc\pghelp\jsonslice.go:23.2,26.26 3 0
jsmvc\pghelp\jsonslice.go:32.3,33.13 2 0
jsmvc\pghelp\jsonslice.go:34.2,36.13 2 0
jsmvc\pghelp\jsonslice.go:37.2,40.13 2 0
jsmvc\pghelp\jsonslice.go:41.2,42.33 1 0
jsmvc\pghelp\jsonslice.go:15.26,16.63 1 1
jsmvc\pghelp\jsonslice.go:16.63,18.5 1 0
jsmvc\pghelp\jsonslice.go:26.26,27.63 1 0
jsmvc\pghelp\jsonslice.go:27.63,29.5 1 0
jsmvc\pghelp\jsonslice.go:45.50,46.17 1 1
jsmvc\pghelp\jsonslice.go:49.2,50.22 2 1
jsmvc\pghelp\jsonslice.go:57.2,57.32 1 1
jsmvc\pghelp\jsonslice.go:46.17,48.3 1 0
jsmvc\pghelp\jsonslice.go:50.22,52.17 2 1
jsmvc\pghelp\jsonslice.go:55.3,55.23 1 1
jsmvc\pghelp\jsonslice.go:52.17,54.4 1 0
jsmvc\pghelp\jsonslice.go:65.55,66.27 1 1
jsmvc\pghelp\jsonslice.go:67.2,69.13 2 1
jsmvc\pghelp\jsonslice.go:70.2,73.13 3 0
jsmvc\pghelp\jsonslice.go:74.2,76.32 2 1
jsmvc\pghelp\jsonslice.go:79.54,80.14 1 1
jsmvc\pghelp\jsonslice.go:80.14,82.3 1 0
jsmvc\pghelp\jsonslice.go:82.4,84.3 1 1
jsmvc\pghelp\jsonslice.go:86.38,88.2 1 1
jsmvc\pghelp\nullint64.go:11.37,13.2 1 1
jsmvc\pghelp\pghelp.go:25.45,27.2 1 0
jsmvc\pghelp\pghelp.go:28.49,30.2 1 0
jsmvc\pghelp\pghelp.go:38.35,40.2 1 0
jsmvc\pghelp\pghelp.go:41.77,47.2 1 0
jsmvc\pghelp\pghelp.go:54.38,56.2 1 1
jsmvc\pghelp\pghelp.go:57.83,60.69 3 0
jsmvc\pghelp\pghelp.go:63.2,63.15 1 0
jsmvc\pghelp\pghelp.go:70.2,70.57 1 0
jsmvc\pghelp\pghelp.go:73.2,73.15 1 0
jsmvc\pghelp\pghelp.go:88.2,88.21 1 0
jsmvc\pghelp\pghelp.go:60.69,62.3 1 0
jsmvc\pghelp\pghelp.go:63.15,64.24 1 0
jsmvc\pghelp\pghelp.go:64.24,66.4 1 0
jsmvc\pghelp\pghelp.go:66.5,68.4 1 0
jsmvc\pghelp\pghelp.go:70.57,72.3 1 0
jsmvc\pghelp\pghelp.go:73.15,74.31 1 0
jsmvc\pghelp\pghelp.go:82.3,82.24 1 0
jsmvc\pghelp\pghelp.go:86.3,86.32 1 0
jsmvc\pghelp\pghelp.go:74.31,75.25 1 0
jsmvc\pghelp\pghelp.go:76.4,77.19 1 0
jsmvc\pghelp\pghelp.go:78.4,79.37 1 0
jsmvc\pghelp\pghelp.go:82.24,85.4 2 0
jsmvc\pghelp\pghelp.go:91.46,93.73 1 0
jsmvc\pghelp\pghelp.go:93.73,95.3 1 0
jsmvc\pghelp\pghelp.go:95.4,101.3 3 0
jsmvc\pghelp\pghelp.go:104.81,105.17 1 0
jsmvc\pghelp\pghelp.go:110.2,110.8 1 0
jsmvc\pghelp\pghelp.go:105.17,107.3 1 0
jsmvc\pghelp\pghelp.go:107.4,109.3 1 0
jsmvc\pghelp\pghelp.go:112.93,114.43 2 0
jsmvc\pghelp\pghelp.go:117.2,118.8 2 0
jsmvc\pghelp\pghelp.go:114.43,116.3 1 0
jsmvc\pghelp\pghelp.go:120.68,124.46 3 0
jsmvc\pghelp\pghelp.go:131.2,132.16 2 0
jsmvc\pghelp\pghelp.go:135.2,135.55 1 0
jsmvc\pghelp\pghelp.go:124.46,127.17 3 0
jsmvc\pghelp\pghelp.go:127.17,129.4 1 0
jsmvc\pghelp\pghelp.go:132.16,134.3 1 0
jsmvc\pghelp\pghelp.go:137.50,141.2 1 0
jsmvc\pghelp\pghelp.go:143.80,147.2 3 0
jsmvc\pghelp\pghelp.go:148.101,151.2 1 0
jsmvc\pghelp\pghelp.go:152.101,153.56 1 1
jsmvc\pghelp\pghelp.go:157.2,157.8 1 1
jsmvc\pghelp\pghelp.go:153.56,156.3 2 1
jsmvc\pghelp\pghelp.go:159.33,161.2 1 0
jsmvc\pghelp\pghelp.go:162.106,163.56 1 1
jsmvc\pghelp\pghelp.go:167.2,167.8 1 1
jsmvc\pghelp\pghelp.go:163.56,166.3 2 1
jsmvc\pghelp\pghelp.go:169.58,171.63 2 0
jsmvc\pghelp\pghelp.go:174.2,174.13 1 0
jsmvc\pghelp\pghelp.go:171.63,173.3 1 0
jsmvc\pghelp\pghelp.go:177.84,180.2 2 0
jsmvc\pghelp\pghelp.go:181.104,182.44 1 0
jsmvc\pghelp\pghelp.go:182.44,183.19 1 0
jsmvc\pghelp\pghelp.go:186.3,186.44 1 0
jsmvc\pghelp\pghelp.go:189.3,189.13 1 0
jsmvc\pghelp\pghelp.go:183.19,185.4 1 0
jsmvc\pghelp\pghelp.go:186.44,188.4 1 0
jsmvc\pghelp\pghelp.go:193.118,195.15 2 1
jsmvc\pghelp\pghelp.go:200.2,200.17 1 1
jsmvc\pghelp\pghelp.go:205.2,205.8 1 1
jsmvc\pghelp\pghelp.go:195.15,196.24 1 1
jsmvc\pghelp\pghelp.go:196.24,198.4 1 0
jsmvc\pghelp\pghelp.go:200.17,202.3 1 1
jsmvc\pghelp\pghelp.go:202.4,204.3 1 0
jsmvc\pghelp\pghelp.go:208.73,210.66 2 0
jsmvc\pghelp\pghelp.go:210.66,212.3 1 0
jsmvc\pghelp\pghelp.go:212.4,214.3 1 0
jsmvc\pghelp\pghelp.go:216.67,218.2 1 0
jsmvc\pghelp\pghelp.go:219.71,221.66 2 0
jsmvc\pghelp\pghelp.go:221.66,223.3 1 0
jsmvc\pghelp\pghelp.go:223.4,225.3 1 0
jsmvc\pghelp\pghelp.go:227.69,229.66 2 0
jsmvc\pghelp\pghelp.go:229.66,231.3 1 0
jsmvc\pghelp\pghelp.go:231.4,233.3 1 0
jsmvc\pghelp\pghelp.go:235.52,237.2 1 0
jsmvc\pghelp\pghelp.go:238.70,239.48 1 0
jsmvc\pghelp\pghelp.go:239.48,241.3 1 0
jsmvc\pghelp\pghelp.go:241.4,243.3 1 0
jsmvc\pghelp\pghelp.go:245.53,249.2 3 0
jsmvc\pghelp\pghelp.go:251.62,253.31 2 0
jsmvc\pghelp\pghelp.go:257.2,261.16 3 0
jsmvc\pghelp\pghelp.go:264.2,264.40 1 0
jsmvc\pghelp\pghelp.go:276.2,277.16 2 0
jsmvc\pghelp\pghelp.go:280.2,281.25 2 0
jsmvc\pghelp\pghelp.go:287.2,288.16 2 0
jsmvc\pghelp\pghelp.go:291.2,291.43 1 0
jsmvc\pghelp\pghelp.go:299.2,299.20 1 0
jsmvc\pghelp\pghelp.go:253.31,255.3 1 0
jsmvc\pghelp\pghelp.go:261.16,263.3 1 0
jsmvc\pghelp\pghelp.go:264.40,267.67 3 0
jsmvc\pghelp\pghelp.go:270.3,273.30 4 0
jsmvc\pghelp\pghelp.go:267.67,269.4 1 0
jsmvc\pghelp\pghelp.go:277.16,279.3 1 0
jsmvc\pghelp\pghelp.go:281.25,285.3 3 0
jsmvc\pghelp\pghelp.go:288.16,290.3 1 0
jsmvc\pghelp\pghelp.go:291.43,297.3 4 0
jsmvc\pghelp\pghelp.go:302.86,304.15 2 1
jsmvc\pghelp\pghelp.go:309.2,309.17 1 1
jsmvc\pghelp\pghelp.go:314.2,314.8 1 1
jsmvc\pghelp\pghelp.go:304.15,305.24 1 1
jsmvc\pghelp\pghelp.go:305.24,307.4 1 0
jsmvc\pghelp\pghelp.go:309.17,311.3 1 1
jsmvc\pghelp\pghelp.go:311.4,313.3 1 0
jsmvc\pghelp\pghelp.go:316.90,317.15 1 0
jsmvc\pghelp\pghelp.go:322.2,322.17 1 0
jsmvc\pghelp\pghelp.go:327.2,327.8 1 0
jsmvc\pghelp\pghelp.go:317.15,318.24 1 0
jsmvc\pghelp\pghelp.go:318.24,320.4 1 0
jsmvc\pghelp\pghelp.go:322.17,324.3 1 0
jsmvc\pghelp\pghelp.go:324.4,326.3 1 0
jsmvc\pghelp\pghelp.go:329.79,330.48 1 0
jsmvc\pghelp\pghelp.go:330.48,332.3 1 0
jsmvc\pghelp\pghelp.go:332.4,334.3 1 0
jsmvc\pghelp\pghelp.go:336.60,338.2 1 0
jsmvc\pghelp\pghelp.go:339.82,341.18 2 0
jsmvc\pghelp\pghelp.go:344.2,344.89 1 0
jsmvc\pghelp\pghelp.go:341.18,343.3 1 0
jsmvc\pghelp\pghelp.go:346.50,348.2 1 0
jsmvc\pghelp\pghelp.go:349.69,350.48 1 0
jsmvc\pghelp\pghelp.go:350.48,352.3 1 0
jsmvc\pghelp\pghelp.go:352.4,354.3 1 0
jsmvc\pghelp\pghelp.go:356.71,358.2 1 0
jsmvc\pghelp\pghelp.go:359.69,361.2 1 0
jsmvc\pghelp\pghelp.go:362.47,364.2 1 0
jsmvc\pghelp\pghelp.go:365.69,366.28 1 0
jsmvc\pghelp\pghelp.go:371.2,371.12 1 0
jsmvc\pghelp\pghelp.go:366.28,367.77 1 0
jsmvc\pghelp\pghelp.go:367.77,369.4 1 0
jsmvc\pghelp\pghelp.go:374.73,376.2 1 0
jsmvc\pghelp\pghelp.go:377.63,379.2 1 0
jsmvc\pghelp\pghelp.go:380.62,382.2 1 0
jsmvc\pghelp\pghelp.go:383.63,385.2 1 0
jsmvc\pghelp\pghelp.go:386.67,388.2 1 0
jsmvc\pghelp\pghelp.go:389.73,391.35 2 0
jsmvc\pghelp\pghelp.go:394.2,397.16 3 0
jsmvc\pghelp\pghelp.go:405.2,406.62 2 0
jsmvc\pghelp\pghelp.go:409.2,409.17 1 0
jsmvc\pghelp\pghelp.go:420.2,420.45 1 0
jsmvc\pghelp\pghelp.go:427.2,430.40 3 0
jsmvc\pghelp\pghelp.go:435.2,441.34 3 0
jsmvc\pghelp\pghelp.go:454.2,454.39 1 0
jsmvc\pghelp\pghelp.go:471.2,471.38 1 0
jsmvc\pghelp\pghelp.go:517.2,517.39 1 0
jsmvc\pghelp\pghelp.go:537.2,537.45 1 0
jsmvc\pghelp\pghelp.go:545.2,545.49 1 0
jsmvc\pghelp\pghelp.go:568.2,568.49 1 0
jsmvc\pghelp\pghelp.go:582.2,582.56 1 0
jsmvc\pghelp\pghelp.go:587.2,587.12 1 0
jsmvc\pghelp\pghelp.go:391.35,393.3 1 0
jsmvc\pghelp\pghelp.go:397.16,398.46 1 0
jsmvc\pghelp\pghelp.go:398.46,400.4 1 0
jsmvc\pghelp\pghelp.go:400.5,402.4 1 0
jsmvc\pghelp\pghelp.go:406.62,408.3 1 0
jsmvc\pghelp\pghelp.go:409.17,413.36 3 0
jsmvc\pghelp\pghelp.go:413.36,414.66 1 0
jsmvc\pghelp\pghelp.go:414.66,416.10 2 0
jsmvc\pghelp\pghelp.go:420.45,422.81 1 0
jsmvc\pghelp\pghelp.go:422.81,424.4 1 0
jsmvc\pghelp\pghelp.go:430.40,431.45 1 0
jsmvc\pghelp\pghelp.go:431.45,433.4 1 0
jsmvc\pghelp\pghelp.go:441.34,444.70 2 0
jsmvc\pghelp\pghelp.go:447.3,447.35 1 0
jsmvc\pghelp\pghelp.go:444.70,446.4 1 0
jsmvc\pghelp\pghelp.go:447.35,448.32 1 0
jsmvc\pghelp\pghelp.go:448.32,450.5 1 0
jsmvc\pghelp\pghelp.go:454.39,456.44 2 0
jsmvc\pghelp\pghelp.go:463.3,463.64 1 0
jsmvc\pghelp\pghelp.go:456.44,457.42 1 0
jsmvc\pghelp\pghelp.go:457.42,459.10 2 0
jsmvc\pghelp\pghelp.go:463.64,464.67 1 0
jsmvc\pghelp\pghelp.go:464.67,466.5 1 0
jsmvc\pghelp\pghelp.go:471.38,473.53 1 0
jsmvc\pghelp\pghelp.go:479.3,480.71 1 0
jsmvc\pghelp\pghelp.go:486.3,486.74 1 0
jsmvc\pghelp\pghelp.go:492.3,492.74 1 0
jsmvc\pghelp\pghelp.go:498.3,498.78 1 0
jsmvc\pghelp\pghelp.go:504.3,504.96 1 0
jsmvc\pghelp\pghelp.go:510.3,510.55 1 0
jsmvc\pghelp\pghelp.go:473.53,474.98 1 0
jsmvc\pghelp\pghelp.go:474.98,476.5 1 0
jsmvc\pghelp\pghelp.go:480.71,481.103 1 0
jsmvc\pghelp\pghelp.go:481.103,483.5 1 0
jsmvc\pghelp\pghelp.go:486.74,487.80 1 0
jsmvc\pghelp\pghelp.go:487.80,489.5 1 0
jsmvc\pghelp\pghelp.go:492.74,493.79 1 0
jsmvc\pghelp\pghelp.go:493.79,495.5 1 0
jsmvc\pghelp\pghelp.go:498.78,499.80 1 0
jsmvc\pghelp\pghelp.go:499.80,501.5 1 0
jsmvc\pghelp\pghelp.go:504.96,505.105 1 0
jsmvc\pghelp\pghelp.go:505.105,507.5 1 0
jsmvc\pghelp\pghelp.go:510.55,511.101 1 0
jsmvc\pghelp\pghelp.go:511.101,513.5 1 0
jsmvc\pghelp\pghelp.go:517.39,519.44 2 0
jsmvc\pghelp\pghelp.go:525.3,525.14 1 0
jsmvc\pghelp\pghelp.go:519.44,520.42 1 0
jsmvc\pghelp\pghelp.go:520.42,522.10 2 0
jsmvc\pghelp\pghelp.go:525.14,526.105 1 0
jsmvc\pghelp\pghelp.go:530.4,530.29 1 0
jsmvc\pghelp\pghelp.go:526.105,528.5 1 0
jsmvc\pghelp\pghelp.go:530.29,531.88 1 0
jsmvc\pghelp\pghelp.go:531.88,533.6 1 0
jsmvc\pghelp\pghelp.go:537.45,539.74 1 0
jsmvc\pghelp\pghelp.go:539.74,541.4 1 0
jsmvc\pghelp\pghelp.go:545.49,547.98 1 0
jsmvc\pghelp\pghelp.go:547.98,548.38 1 0
jsmvc\pghelp\pghelp.go:556.4,556.52 1 0
jsmvc\pghelp\pghelp.go:548.38,549.48 1 0
jsmvc\pghelp\pghelp.go:552.5,552.85 1 0
jsmvc\pghelp\pghelp.go:549.48,551.6 1 0
jsmvc\pghelp\pghelp.go:552.85,554.6 1 0
jsmvc\pghelp\pghelp.go:556.52,557.66 1 0
jsmvc\pghelp\pghelp.go:557.66,559.6 1 0
jsmvc\pghelp\pghelp.go:561.5,561.57 1 0
jsmvc\pghelp\pghelp.go:561.57,562.47 1 0
jsmvc\pghelp\pghelp.go:562.47,564.5 1 0
jsmvc\pghelp\pghelp.go:568.49,570.50 1 0
jsmvc\pghelp\pghelp.go:570.50,571.48 1 0
jsmvc\pghelp\pghelp.go:571.48,572.85 1 0
jsmvc\pghelp\pghelp.go:575.5,575.66 1 0
jsmvc\pghelp\pghelp.go:572.85,574.6 1 0
jsmvc\pghelp\pghelp.go:575.66,577.6 1 0
jsmvc\pghelp\pghelp.go:582.56,583.79 1 0
jsmvc\pghelp\pghelp.go:583.79,585.4 1 0
jsmvc\pghelp\int64slice.go:12.52,13.27 1 1
jsmvc\pghelp\int64slice.go:14.2,17.26 3 1
jsmvc\pghelp\int64slice.go:24.3,25.13 2 1
jsmvc\pghelp\int64slice.go:26.2,28.13 2 1
jsmvc\pghelp\int64slice.go:29.2,31.13 2 0
jsmvc\pghelp\int64slice.go:32.2,33.33 1 0
jsmvc\pghelp\int64slice.go:17.26,20.18 3 1
jsmvc\pghelp\int64slice.go:20.18,22.5 1 0
jsmvc\pghelp\int64slice.go:37.51,38.17 1 0
jsmvc\pghelp\int64slice.go:41.2,42.22 2 0
jsmvc\pghelp\int64slice.go:45.2,45.48 1 0
jsmvc\pghelp\int64slice.go:38.17,40.3 1 0
jsmvc\pghelp\int64slice.go:42.22,44.3 1 0
jsmvc\pghelp\int64slice.go:53.56,54.27 1 0
jsmvc\pghelp\int64slice.go:55.2,57.13 2 0
jsmvc\pghelp\int64slice.go:58.2,61.13 3 0
jsmvc\pghelp\int64slice.go:62.2,64.32 2 0
jsmvc\pghelp\int64slice.go:67.55,68.14 1 0
jsmvc\pghelp\int64slice.go:68.14,70.3 1 0
jsmvc\pghelp\int64slice.go:70.4,72.3 1 0
jsmvc\pghelp\int64slice.go:74.39,76.2 1 0
jsmvc\pghelp\stringslice.go:9.53,10.27 1 1
jsmvc\pghelp\stringslice.go:11.2,13.13 2 1
jsmvc\pghelp\stringslice.go:14.2,16.13 2 0
jsmvc\pghelp\stringslice.go:17.2,19.13 2 1
jsmvc\pghelp\stringslice.go:20.2,22.13 2 0
jsmvc\pghelp\stringslice.go:23.2,24.33 1 0
jsmvc\pghelp\stringslice.go:27.52,28.17 1 0
jsmvc\pghelp\stringslice.go:31.2,31.30 1 0
jsmvc\pghelp\stringslice.go:28.17,30.3 1 0
jsmvc\pghelp\stringslice.go:39.57,40.27 1 0
jsmvc\pghelp\stringslice.go:41.2,43.13 2 0
jsmvc\pghelp\stringslice.go:44.2,47.13 3 0
jsmvc\pghelp\stringslice.go:48.2,50.32 2 0
jsmvc\pghelp\stringslice.go:53.56,54.14 1 0
jsmvc\pghelp\stringslice.go:54.14,56.3 1 0
jsmvc\pghelp\stringslice.go:56.4,58.3 1 0
jsmvc\pghelp\stringslice.go:60.40,62.2 1 0
jsmvc\pghelp\timeslice.go:14.44,16.2 1 0
jsmvc\pghelp\timeslice.go:17.40,18.38 1 0
jsmvc\pghelp\timeslice.go:18.38,20.3 1 0
jsmvc\pghelp\timeslice.go:23.31,25.16 2 0
jsmvc\pghelp\timeslice.go:28.2,28.15 1 0
jsmvc\pghelp\timeslice.go:25.16,27.3 1 0
jsmvc\pghelp\timeslice.go:31.77,41.38 9 0
jsmvc\pghelp\timeslice.go:52.2,62.72 5 0
jsmvc\pghelp\timeslice.go:73.2,73.117 1 0
jsmvc\pghelp\timeslice.go:96.2,96.74 1 0
jsmvc\pghelp\timeslice.go:100.2,100.29 1 0
jsmvc\pghelp\timeslice.go:103.2,107.28 2 0
jsmvc\pghelp\timeslice.go:118.2,118.10 1 0
jsmvc\pghelp\timeslice.go:41.38,51.3 9 0
jsmvc\pghelp\timeslice.go:62.72,65.18 3 0
jsmvc\pghelp\timeslice.go:68.3,71.30 3 0
jsmvc\pghelp\timeslice.go:65.18,67.4 1 0
jsmvc\pghelp\timeslice.go:73.117,76.46 2 0
jsmvc\pghelp\timeslice.go:83.3,86.62 4 0
jsmvc\pghelp\timeslice.go:90.3,90.62 1 0
jsmvc\pghelp\timeslice.go:94.3,94.64 1 0
jsmvc\pghelp\timeslice.go:76.46,78.4 1 0
jsmvc\pghelp\timeslice.go:78.5,78.22 1 0
jsmvc\pghelp\timeslice.go:78.22,80.4 1 0
jsmvc\pghelp\timeslice.go:80.5,82.4 1 0
jsmvc\pghelp\timeslice.go:86.62,89.4 2 0
jsmvc\pghelp\timeslice.go:90.62,93.4 2 0
jsmvc\pghelp\timeslice.go:96.74,99.3 2 0
jsmvc\pghelp\timeslice.go:100.29,102.3 1 0
jsmvc\pghelp\timeslice.go:107.28,113.22 3 0
jsmvc\pghelp\timeslice.go:113.22,115.4 1 0
jsmvc\pghelp\timeslice.go:120.51,121.27 1 0
jsmvc\pghelp\timeslice.go:122.2,125.26 3 0
jsmvc\pghelp\timeslice.go:128.3,130.13 2 0
jsmvc\pghelp\timeslice.go:131.2,134.26 3 0
jsmvc\pghelp\timeslice.go:137.3,139.13 2 0
jsmvc\pghelp\timeslice.go:140.2,142.13 2 0
jsmvc\pghelp\timeslice.go:143.2,144.33 1 0
jsmvc\pghelp\timeslice.go:125.26,127.4 1 0
jsmvc\pghelp\timeslice.go:134.26,136.4 1 0
jsmvc\pghelp\timeslice.go:147.50,148.17 1 0
jsmvc\pghelp\timeslice.go:151.2,152.22 2 0
jsmvc\pghelp\timeslice.go:155.2,155.48 1 0
jsmvc\pghelp\timeslice.go:148.17,150.3 1 0
jsmvc\pghelp\timeslice.go:152.22,154.3 1 0
jsmvc\pghelp\timeslice.go:163.55,164.27 1 0
jsmvc\pghelp\timeslice.go:165.2,167.13 2 0
jsmvc\pghelp\timeslice.go:168.2,171.13 3 0
jsmvc\pghelp\timeslice.go:172.2,174.32 2 0
jsmvc\pghelp\timeslice.go:177.54,178.14 1 0
jsmvc\pghelp\timeslice.go:178.14,180.3 1 0
jsmvc\pghelp\timeslice.go:180.4,182.3 1 0
jsmvc\pghelp\timeslice.go:184.38,186.2 1 0
jsmvc\pghelp\boolslice.go:10.51,11.27 1 0
jsmvc\pghelp\boolslice.go:12.2,15.26 3 0
jsmvc\pghelp\boolslice.go:22.3,23.13 2 0
jsmvc\pghelp\boolslice.go:24.2,26.13 2 0
jsmvc\pghelp\boolslice.go:27.2,29.13 2 0
jsmvc\pghelp\boolslice.go:30.2,31.33 1 0
jsmvc\pghelp\boolslice.go:15.26,16.17 1 0
jsmvc\pghelp\boolslice.go:16.17,18.5 1 0
jsmvc\pghelp\boolslice.go:18.6,20.5 1 0
jsmvc\pghelp\boolslice.go:34.50,35.17 1 0
jsmvc\pghelp\boolslice.go:38.2,39.22 2 0
jsmvc\pghelp\boolslice.go:46.2,46.48 1 0
jsmvc\pghelp\boolslice.go:35.17,37.3 1 0
jsmvc\pghelp\boolslice.go:39.22,40.8 1 0
jsmvc\pghelp\boolslice.go:40.8,42.4 1 0
jsmvc\pghelp\boolslice.go:42.5,44.4 1 0
jsmvc\pghelp\boolslice.go:54.55,55.27 1 0
jsmvc\pghelp\boolslice.go:56.2,58.13 2 0
jsmvc\pghelp\boolslice.go:59.2,62.13 3 0
jsmvc\pghelp\boolslice.go:63.2,65.32 2 0
jsmvc\pghelp\boolslice.go:68.54,69.14 1 0
jsmvc\pghelp\boolslice.go:69.14,71.3 1 0
jsmvc\pghelp\boolslice.go:71.4,73.3 1 0
jsmvc\pghelp\boolslice.go:75.38,78.2 1 0
jsmvc\pghelp\nullbytea.go:9.47,10.27 1 0
jsmvc\pghelp\nullbytea.go:11.2,13.13 2 0
jsmvc\pghelp\nullbytea.go:14.2,16.13 2 0
jsmvc\pghelp\nullbytea.go:17.2,19.13 2 0
jsmvc\pghelp\nullbytea.go:20.2,21.33 1 0
jsmvc\pghelp\nullbytea.go:25.46,27.2 1 0
jsmvc\pghelp\nullbytea.go:34.51,35.18 1 0
jsmvc\pghelp\nullbytea.go:42.2,42.12 1 0
jsmvc\pghelp\nullbytea.go:35.18,38.3 2 0
jsmvc\pghelp\nullbytea.go:38.4,40.3 1 0
jsmvc\pghelp\nullbytea.go:44.50,45.14 1 0
jsmvc\pghelp\nullbytea.go:48.2,48.21 1 0
jsmvc\pghelp\nullbytea.go:45.14,47.3 1 0
jsmvc\pghelp\nullbytea.go:51.37,53.2 1 1
jsmvc\pghelp\nullstring.go:11.38,13.2 1 1
jsmvc\pghelp\nulltime.go:11.36,13.2 1 1
jsmvc\pghelp\pgarray.go:45.13,46.48 1 1
jsmvc\pghelp\pgarray.go:46.48,47.24 1 1
jsmvc\pghelp\pgarray.go:47.24,49.9 2 1
jsmvc\pghelp\pgarray.go:56.42,59.32 3 1
jsmvc\pghelp\pgarray.go:66.2,66.16 1 1
jsmvc\pghelp\pgarray.go:59.32,65.3 4 1
jsmvc\pghelp\pgarray.go:68.43,70.28 2 1
jsmvc\pghelp\pgarray.go:73.2,73.43 1 1
jsmvc\pghelp\pgarray.go:70.28,72.3 1 1
jsmvc\pghelp\internal.go:18.52,20.2 1 0
jsmvc\pghelp\internal.go:21.49,23.2 1 0
jsmvc\pghelp\internal.go:24.83,27.69 2 1
jsmvc\pghelp\internal.go:30.2,30.15 1 1
jsmvc\pghelp\internal.go:37.2,38.8 2 1
jsmvc\pghelp\internal.go:27.69,29.3 1 0
jsmvc\pghelp\internal.go:30.15,31.24 1 1
jsmvc\pghelp\internal.go:31.24,33.4 1 1
jsmvc\pghelp\internal.go:33.5,35.4 1 0
jsmvc\pghelp\internal.go:40.90,43.2 2 0
jsmvc\pghelp\internal.go:44.90,46.69 2 0
jsmvc\pghelp\internal.go:49.2,49.15 1 0
jsmvc\pghelp\internal.go:57.2,57.51 1 0
jsmvc\pghelp\internal.go:60.2,60.8 1 0
jsmvc\pghelp\internal.go:46.69,48.3 1 0
jsmvc\pghelp\internal.go:49.15,50.24 1 0
jsmvc\pghelp\internal.go:50.24,52.4 1 0
jsmvc\pghelp\internal.go:52.5,54.4 1 0
jsmvc\pghelp\internal.go:57.51,59.3 1 0
jsmvc\pghelp\internal.go:62.84,63.27 1 0
jsmvc\pghelp\internal.go:68.2,68.12 1 0
jsmvc\pghelp\internal.go:63.27,64.50 1 0
jsmvc\pghelp\internal.go:64.50,66.4 1 0
jsmvc\pghelp\internal.go:71.91,73.23 2 0
jsmvc\pghelp\internal.go:76.2,76.15 1 0
jsmvc\pghelp\internal.go:84.2,84.51 1 0
jsmvc\pghelp\internal.go:88.2,88.8 1 0
jsmvc\pghelp\internal.go:73.23,75.3 1 0
jsmvc\pghelp\internal.go:76.15,77.24 1 0
jsmvc\pghelp\internal.go:77.24,79.4 1 0
jsmvc\pghelp\internal.go:79.5,81.4 1 0
jsmvc\pghelp\internal.go:84.51,87.3 2 0
jsmvc\pghelp\internal.go:90.91,92.27 2 0
jsmvc\pghelp\internal.go:95.2,98.33 4 0
jsmvc\pghelp\internal.go:116.2,116.33 1 0
jsmvc\pghelp\internal.go:134.2,134.33 1 0
jsmvc\pghelp\internal.go:148.2,148.8 1 0
jsmvc\pghelp\internal.go:92.27,94.3 1 0
jsmvc\pghelp\internal.go:98.33,100.63 2 0
jsmvc\pghelp\internal.go:104.3,104.40 1 0
jsmvc\pghelp\internal.go:100.63,103.4 2 0
jsmvc\pghelp\internal.go:104.40,105.74 1 0
jsmvc\pghelp\internal.go:109.4,109.69 1 0
jsmvc\pghelp\internal.go:112.4,112.20 1 0
jsmvc\pghelp\internal.go:105.74,108.5 2 0
jsmvc\pghelp\internal.go:109.69,111.5 1 0
jsmvc\pghelp\internal.go:116.33,118.63 2 0
jsmvc\pghelp\internal.go:122.3,122.40 1 0
jsmvc\pghelp\internal.go:118.63,121.4 2 0
jsmvc\pghelp\internal.go:122.40,123.93 1 0
jsmvc\pghelp\internal.go:127.4,127.69 1 0
jsmvc\pghelp\internal.go:130.4,130.20 1 0
jsmvc\pghelp\internal.go:123.93,126.5 2 0
jsmvc\pghelp\internal.go:127.69,129.5 1 0
jsmvc\pghelp\internal.go:134.33,136.63 2 0
jsmvc\pghelp\internal.go:140.3,140.40 1 0
jsmvc\pghelp\internal.go:136.63,139.4 2 0
jsmvc\pghelp\internal.go:140.40,141.63 1 0
jsmvc\pghelp\internal.go:145.4,145.15 1 0
jsmvc\pghelp\internal.go:141.63,144.5 2 0
jsmvc\pghelp\internal.go:150.44,152.38 2 0
jsmvc\pghelp\internal.go:162.2,162.15 1 0
jsmvc\pghelp\internal.go:152.38,154.27 2 0
jsmvc\pghelp\internal.go:154.27,155.35 1 0
jsmvc\pghelp\internal.go:155.35,157.5 1 0
jsmvc\pghelp\internal.go:157.6,159.5 1 0
jsmvc\pghelp\internal.go:165.128,167.69 2 1
jsmvc\pghelp\internal.go:170.2,170.15 1 1
jsmvc\pghelp\internal.go:177.2,178.16 2 1
jsmvc\pghelp\internal.go:182.2,184.8 3 1
jsmvc\pghelp\internal.go:167.69,169.3 1 0
jsmvc\pghelp\internal.go:170.15,171.24 1 1
jsmvc\pghelp\internal.go:171.24,173.4 1 1
jsmvc\pghelp\internal.go:173.5,175.4 1 0
jsmvc\pghelp\internal.go:178.16,181.3 2 0
jsmvc\pghelp\internal.go:186.128,189.16 2 0
jsmvc\pghelp\internal.go:193.2,195.8 3 0
jsmvc\pghelp\internal.go:189.16,192.3 2 0
jsmvc\pghelp\internal.go:198.74,202.44 2 1
jsmvc\pghelp\internal.go:205.2,205.38 1 1
jsmvc\pghelp\internal.go:210.2,211.57 2 1
jsmvc\pghelp\internal.go:224.2,224.18 1 1
jsmvc\pghelp\internal.go:247.2,248.8 2 1
jsmvc\pghelp\internal.go:202.44,204.3 1 0
jsmvc\pghelp\internal.go:205.38,208.3 2 0
jsmvc\pghelp\internal.go:211.57,213.45 2 1
jsmvc\pghelp\internal.go:220.3,220.14 1 1
jsmvc\pghelp\internal.go:213.45,214.33 1 1
jsmvc\pghelp\internal.go:214.33,217.10 3 1
jsmvc\pghelp\internal.go:220.14,222.4 1 0
jsmvc\pghelp\internal.go:224.18,228.29 3 1
jsmvc\pghelp\internal.go:231.3,231.43 1 1
jsmvc\pghelp\internal.go:234.3,235.48 2 1
jsmvc\pghelp\internal.go:243.3,243.54 1 1
jsmvc\pghelp\internal.go:228.29,230.4 1 1
jsmvc\pghelp\internal.go:231.43,233.4 1 0
jsmvc\pghelp\internal.go:235.48,236.31 1 1
jsmvc\pghelp\internal.go:236.31,238.5 1 0
jsmvc\pghelp\internal.go:238.6,240.5 1 1
jsmvc\pghelp\internal.go:243.54,245.4 1 0
jsmvc\pghelp\internal.go:250.77,254.22 4 1
jsmvc\pghelp\internal.go:262.2,262.39 1 1
jsmvc\pghelp\internal.go:255.2,256.22 1 1
jsmvc\pghelp\internal.go:257.2,258.49 1 1
jsmvc\pghelp\internal.go:258.49,260.4 1 0
jsmvc\pghelp\internal.go:264.65,268.18 4 1
jsmvc\pghelp\internal.go:303.2,304.20 2 1
jsmvc\pghelp\internal.go:268.18,270.13 2 1
jsmvc\pghelp\internal.go:293.3,293.45 1 1
jsmvc\pghelp\internal.go:298.3,298.51 1 1
jsmvc\pghelp\internal.go:270.13,275.46 3 1
jsmvc\pghelp\internal.go:278.4,278.59 1 1
jsmvc\pghelp\internal.go:281.4,281.27 1 1
jsmvc\pghelp\internal.go:275.46,277.5 1 0
jsmvc\pghelp\internal.go:278.59,280.5 1 0
jsmvc\pghelp\internal.go:281.27,283.19 2 1
jsmvc\pghelp\internal.go:286.5,286.26 1 1
jsmvc\pghelp\internal.go:283.19,285.6 1 0
jsmvc\pghelp\internal.go:288.5,289.70 1 1
jsmvc\pghelp\internal.go:289.70,291.5 1 0
jsmvc\pghelp\internal.go:293.45,294.95 1 1
jsmvc\pghelp\internal.go:294.95,296.5 1 0
jsmvc\pghelp\internal.go:298.51,300.4 1 0
jsmvc\pghelp\internal.go:306.62,309.25 3 1
jsmvc\pghelp\internal.go:312.2,312.41 1 1
jsmvc\pghelp\internal.go:315.2,315.18 1 1
jsmvc\pghelp\internal.go:309.25,311.3 1 1
jsmvc\pghelp\internal.go:312.41,314.3 1 0
jsmvc\pghelp\internal.go:317.46,320.43 3 1
jsmvc\pghelp\internal.go:324.2,324.121 1 1
jsmvc\pghelp\internal.go:320.43,323.3 2 1
jsmvc\pghelp\internal.go:326.46,329.43 3 1
jsmvc\pghelp\internal.go:333.2,333.122 1 1
jsmvc\pghelp\internal.go:329.43,332.3 2 1
jsmvc\pghelp\internal.go:336.46,338.40 2 1
jsmvc\pghelp\internal.go:341.2,341.90 1 1
jsmvc\pghelp\internal.go:338.40,340.3 1 1
jsmvc\pghelp\internal.go:344.46,346.40 2 0
jsmvc\pghelp\internal.go:349.2,349.138 1 0
jsmvc\pghelp\internal.go:346.40,348.3 1 0
jsmvc\pghelp\internal.go:352.67,354.16 2 0
jsmvc\pghelp\internal.go:357.2,357.15 1 0
jsmvc\pghelp\internal.go:372.2,372.19 1 0
jsmvc\pghelp\internal.go:354.16,356.3 1 0
jsmvc\pghelp\internal.go:357.15,358.31 1 0
jsmvc\pghelp\internal.go:366.3,366.17 1 0
jsmvc\pghelp\internal.go:370.3,370.20 1 0
jsmvc\pghelp\internal.go:358.31,359.25 1 0
jsmvc\pghelp\internal.go:360.4,361.12 1 0
jsmvc\pghelp\internal.go:362.4,363.30 1 0
jsmvc\pghelp\internal.go:366.17,369.4 2 0
jsmvc\pghelp\internal.go:374.35,377.2 2 0
jsmvc\pghelp\nullbool.go:11.36,13.2 1 1
jsmvc\pghelp\nullfloat64.go:11.39,13.2 1 0
jsmvc\pghelp\pgtype.go:38.54,40.2 1 1
jsmvc\pghelp\pgtype.go:41.34,45.2 3 0
jsmvc\pghelp\pgtype.go:47.36,49.15 2 0
jsmvc\pghelp\pgtype.go:52.2,52.16 1 0
jsmvc\pghelp\pgtype.go:49.15,51.3 1 0
jsmvc\pghelp\pgtype.go:53.2,54.29 1 0
jsmvc\pghelp\pgtype.go:55.2,56.31 1 0
jsmvc\pghelp\pgtype.go:57.2,58.27 1 0
jsmvc\pghelp\pgtype.go:59.2,60.38 1 0
jsmvc\pghelp\pgtype.go:61.2,62.40 1 0
jsmvc\pghelp\pgtype.go:63.2,64.28 1 0
jsmvc\pghelp\pgtype.go:65.2,66.30 1 0
jsmvc\pghelp\pgtype.go:67.2,68.21 1 0
jsmvc\pghelp\pgtype.go:73.2,74.21 1 0
jsmvc\pghelp\pgtype.go:79.2,80.49 1 0
jsmvc\pghelp\pgtype.go:81.2,82.51 1 0
jsmvc\pghelp\pgtype.go:83.2,84.27 1 0
jsmvc\pghelp\pgtype.go:85.2,86.29 1 0
jsmvc\pghelp\pgtype.go:87.2,88.34 1 0
jsmvc\pghelp\pgtype.go:68.21,70.4 1 0
jsmvc\pghelp\pgtype.go:70.5,72.4 1 0
jsmvc\pghelp\pgtype.go:74.21,76.4 1 0
jsmvc\pghelp\pgtype.go:76.5,78.4 1 0
jsmvc\pghelp\pgtype.go:92.45,93.16 1 1
jsmvc\pghelp\pgtype.go:93.16,94.17 1 1
jsmvc\pghelp\pgtype.go:95.3,96.37 1 1
jsmvc\pghelp\pgtype.go:97.3,98.42 1 0
jsmvc\pghelp\pgtype.go:99.3,100.38 1 0
jsmvc\pghelp\pgtype.go:101.3,102.40 1 1
jsmvc\pghelp\pgtype.go:103.3,104.45 1 0
jsmvc\pghelp\pgtype.go:105.3,106.38 1 1
jsmvc\pghelp\pgtype.go:107.3,108.43 1 0
jsmvc\pghelp\pgtype.go:109.3,110.39 1 1
jsmvc\pghelp\pgtype.go:111.3,112.44 1 0
jsmvc\pghelp\pgtype.go:113.3,114.37 1 1
jsmvc\pghelp\pgtype.go:115.3,116.42 1 0
jsmvc\pghelp\pgtype.go:117.3,118.37 1 1
jsmvc\pghelp\pgtype.go:119.3,120.42 1 1
jsmvc\pghelp\pgtype.go:121.3,122.35 1 0
jsmvc\pghelp\pgtype.go:126.4,127.17 1 1
jsmvc\pghelp\pgtype.go:128.3,129.31 1 0
jsmvc\pghelp\pgtype.go:130.3,131.38 1 0
jsmvc\pghelp\pgtype.go:132.3,133.34 1 0
jsmvc\pghelp\pgtype.go:134.3,135.37 1 0
jsmvc\pghelp\pgtype.go:136.3,137.41 1 0
jsmvc\pghelp\pgtype.go:138.3,139.35 1 0
jsmvc\pghelp\pgtype.go:140.3,141.39 1 1
jsmvc\pghelp\pgtype.go:142.3,143.29 1 1
jsmvc\pghelp\pgtype.go:144.3,145.40 1 1
jsmvc\pghelp\pgtype.go:146.3,147.38 1 0
jsmvc\pghelp\pgtype.go:148.3,149.38 1 0
jsmvc\pghelp\pgtype.go:150.3,151.33 1 0
jsmvc\pghelp\pgtype.go:152.3,153.38 1 0
jsmvc\pghelp\pgtype.go:154.3,155.35 1 0
jsmvc\pghelp\pgtype.go:194.58,195.22 1 1
jsmvc\pghelp\pgtype.go:211.2,211.12 1 1
jsmvc\pghelp\pgtype.go:196.2,197.22 1 0
jsmvc\pghelp\pgtype.go:198.2,199.21 1 1
jsmvc\pghelp\pgtype.go:200.2,201.20 1 1
jsmvc\pghelp\pgtype.go:202.2,203.23 1 0
jsmvc\pghelp\pgtype.go:204.2,205.20 1 1
jsmvc\pghelp\pgtype.go:206.2,207.21 1 0
jsmvc\pghelp\pgtype.go:208.2,209.38 1 0
jsmvc\pghelp\pgtype.go:213.44,214.9 1 0
jsmvc\pghelp\pgtype.go:263.2,263.12 1 0
jsmvc\pghelp\pgtype.go:215.2,217.16 2 0
jsmvc\pghelp\pgtype.go:218.2,220.16 2 0
jsmvc\pghelp\pgtype.go:221.2,222.20 1 0
jsmvc\pghelp\pgtype.go:223.2,224.25 1 0
jsmvc\pghelp\pgtype.go:225.2,226.21 1 0
jsmvc\pghelp\pgtype.go:227.2,228.26 1 0
jsmvc\pghelp\pgtype.go:229.2,230.23 1 0
jsmvc\pghelp\pgtype.go:231.2,232.28 1 0
jsmvc\pghelp\pgtype.go:233.2,237.85 3 0
jsmvc\pghelp\pgtype.go:240.2,243.90 3 0
jsmvc\pghelp\pgtype.go:246.2,249.20 1 0
jsmvc\pghelp\pgtype.go:250.2,253.25 1 0
jsmvc\pghelp\pgtype.go:254.2,255.21 1 0
jsmvc\pghelp\pgtype.go:256.2,257.20 1 0
jsmvc\pghelp\pgtype.go:258.2,259.25 1 0
jsmvc\pghelp\pgtype.go:260.2,261.34 1 0
jsmvc\pghelp\pgtype.go:237.85,239.4 1 0
jsmvc\pghelp\pgtype.go:243.90,245.4 1 0
